2023-11-14 15:11:56,698 [INFO] Activator:177 - 


2023-11-14 15:11:56,701 [INFO] Activator:178 - !SESSION log4j initialized
2023-11-14 15:13:22,626 [INFO] McuFinderGlobals:39 - Set McuFinder mode to 2 (CubeIDE integrated)
2023-11-14 15:13:22,763 [INFO] ApplicationProperties:181 - Using Application install path: C:\ST\STM32CubeIDE_1.7.0\STM32CubeIDE\plugins\com.st.stm32cube.common.mx_6.3.0.202107141111
2023-11-14 15:13:22,774 [INFO] DbMcusXml:74 - Set database path to: C:\ST\STM32CubeIDE_1.7.0\STM32CubeIDE\plugins\com.st.stm32cube.common.mx_6.3.0.202107141111\\db\/mcu/
2023-11-14 15:13:22,777 [INFO] DbBoardsPdsc:56 - Set plugin database path to: C:\ST\STM32CubeIDE_1.7.0\STM32CubeIDE\plugins\com.st.stm32cube.common.mx_6.3.0.202107141111\\db\/plugins/boardmanager/
2023-11-14 15:13:22,777 [INFO] DbMcus:258 - Set plugin images path to: C:\ST\STM32CubeIDE_1.7.0\STM32CubeIDE\plugins\com.st.stm32cube.common.mx_6.3.0.202107141111\\db\/plugins/mcufinder/images/
2023-11-14 15:13:22,777 [INFO] DbBoards:264 - Set plugin images path to: C:\ST\STM32CubeIDE_1.7.0\STM32CubeIDE\plugins\com.st.stm32cube.common.mx_6.3.0.202107141111\\db\/plugins/mcufinder/images/
2023-11-14 15:13:22,780 [INFO] DbExamples:333 - Set plugin images path to: C:\ST\STM32CubeIDE_1.7.0\STM32CubeIDE\plugins\com.st.stm32cube.common.mx_6.3.0.202107141111\\db\/plugins/mcufinder/images/
2023-11-14 15:13:22,808 [INFO] DbMcusAds:119 - Set database path to: C:\Users\duyvt\.stmcufinder\plugins\mcufinder//mcu/
2023-11-14 15:13:22,809 [INFO] DbMcusDocs:110 - Set database path to: C:\Users\duyvt\.stmcufinder\plugins\mcufinder//mcu/
2023-11-14 15:13:22,811 [INFO] DbMcusJson:64 - Set database path to: C:\Users\duyvt\.stmcufinder\plugins\mcufinder//mcu/
2023-11-14 15:13:22,812 [INFO] DbBoardsDocs:110 - Set database path to: C:\Users\duyvt\.stmcufinder\plugins\mcufinder//mcu/
2023-11-14 15:13:22,813 [INFO] DbBoardsJson:57 - Set database path to: C:\Users\duyvt\.stmcufinder\plugins\mcufinder//mcu/
2023-11-14 15:13:22,835 [INFO] CrossReferenceDbSqlite:196 - Set database path to: C:\Users\duyvt\.stmcufinder\plugins\mcufinder//mcu/cs/
2023-11-14 15:13:22,838 [INFO] DbExamplesSqlite:767 - Set database path to: C:\Users\duyvt\.stmcufinder\plugins\mcufinder//mcu/
2023-11-14 15:13:22,919 [INFO] RulesReader:57 - Compatibility file has been processed (242 Rules)
2023-11-14 15:13:22,989 [INFO] DbMcusXml:74 - Set database path to: C:\ST\STM32CubeIDE_1.7.0\STM32CubeIDE\plugins\com.st.stm32cube.common.mx_6.3.0.202107141111\\db\/mcu/
2023-11-14 15:13:22,989 [INFO] DbBoardsPdsc:56 - Set plugin database path to: C:\ST\STM32CubeIDE_1.7.0\STM32CubeIDE\plugins\com.st.stm32cube.common.mx_6.3.0.202107141111\\db\/plugins/boardmanager/
2023-11-14 15:13:22,990 [INFO] DbMcus:258 - Set plugin images path to: C:\ST\STM32CubeIDE_1.7.0\STM32CubeIDE\plugins\com.st.stm32cube.common.mx_6.3.0.202107141111\\db\/plugins/mcufinder/images/
2023-11-14 15:13:22,990 [INFO] DbBoards:264 - Set plugin images path to: C:\ST\STM32CubeIDE_1.7.0\STM32CubeIDE\plugins\com.st.stm32cube.common.mx_6.3.0.202107141111\\db\/plugins/mcufinder/images/
2023-11-14 15:13:22,990 [INFO] DbExamples:333 - Set plugin images path to: C:\ST\STM32CubeIDE_1.7.0\STM32CubeIDE\plugins\com.st.stm32cube.common.mx_6.3.0.202107141111\\db\/plugins/mcufinder/images/
2023-11-14 15:13:22,990 [WARN] DbFile:35 - Overriding database path with different value: C:\Users\duyvt\.stmcufinder\plugins\mcufinder/ => C:\Users\duyvt\.stmcufinder\plugins\mcufinder
2023-11-14 15:13:22,990 [INFO] DbMcusAds:119 - Set database path to: C:\Users\duyvt\.stmcufinder\plugins\mcufinder//mcu/
2023-11-14 15:13:22,990 [WARN] DbFile:35 - Overriding database path with different value: C:\Users\duyvt\.stmcufinder\plugins\mcufinder/ => C:\Users\duyvt\.stmcufinder\plugins\mcufinder
2023-11-14 15:13:22,990 [INFO] DbMcusDocs:110 - Set database path to: C:\Users\duyvt\.stmcufinder\plugins\mcufinder//mcu/
2023-11-14 15:13:22,990 [WARN] DbFile:35 - Overriding database path with different value: C:\Users\duyvt\.stmcufinder\plugins\mcufinder/ => C:\Users\duyvt\.stmcufinder\plugins\mcufinder
2023-11-14 15:13:22,991 [INFO] DbMcusJson:64 - Set database path to: C:\Users\duyvt\.stmcufinder\plugins\mcufinder//mcu/
2023-11-14 15:13:22,991 [WARN] DbFile:35 - Overriding database path with different value: C:\Users\duyvt\.stmcufinder\plugins\mcufinder/ => C:\Users\duyvt\.stmcufinder\plugins\mcufinder
2023-11-14 15:13:22,991 [INFO] DbBoardsDocs:110 - Set database path to: C:\Users\duyvt\.stmcufinder\plugins\mcufinder//mcu/
2023-11-14 15:13:22,991 [WARN] DbFile:35 - Overriding database path with different value: C:\Users\duyvt\.stmcufinder\plugins\mcufinder/ => C:\Users\duyvt\.stmcufinder\plugins\mcufinder
2023-11-14 15:13:22,991 [INFO] DbBoardsJson:57 - Set database path to: C:\Users\duyvt\.stmcufinder\plugins\mcufinder//mcu/
2023-11-14 15:13:22,991 [WARN] DbFile:35 - Overriding database path with different value: C:\Users\duyvt\.stmcufinder\plugins\mcufinder/ => C:\Users\duyvt\.stmcufinder\plugins\mcufinder
2023-11-14 15:13:22,991 [WARN] DbFile:35 - Overriding database path with different value: C:\Users\duyvt\.stmcufinder\plugins\mcufinder/ => C:\Users\duyvt\.stmcufinder\plugins\mcufinder
2023-11-14 15:13:22,991 [INFO] CrossReferenceDbSqlite:196 - Set database path to: C:\Users\duyvt\.stmcufinder\plugins\mcufinder//mcu/cs/
2023-11-14 15:13:22,991 [WARN] DbFile:35 - Overriding database path with different value: C:\Users\duyvt\.stmcufinder\plugins\mcufinder/ => C:\Users\duyvt\.stmcufinder\plugins\mcufinder
2023-11-14 15:13:22,991 [INFO] DbExamplesSqlite:767 - Set database path to: C:\Users\duyvt\.stmcufinder\plugins\mcufinder//mcu/
2023-11-14 15:13:23,044 [INFO] MainPanel:214 - HeapMemory: 289406976
2023-11-14 15:13:23,099 [INFO] DbMcusXml:74 - Set database path to: C:\ST\STM32CubeIDE_1.7.0\STM32CubeIDE\plugins\com.st.stm32cube.common.mx_6.3.0.202107141111\\db\/mcu/
2023-11-14 15:13:23,099 [INFO] DbBoardsPdsc:56 - Set plugin database path to: C:\ST\STM32CubeIDE_1.7.0\STM32CubeIDE\plugins\com.st.stm32cube.common.mx_6.3.0.202107141111\\db\/plugins/boardmanager/
2023-11-14 15:13:23,099 [INFO] DbMcus:258 - Set plugin images path to: C:\ST\STM32CubeIDE_1.7.0\STM32CubeIDE\plugins\com.st.stm32cube.common.mx_6.3.0.202107141111\\db\/plugins/mcufinder/images/
2023-11-14 15:13:23,099 [INFO] DbBoards:264 - Set plugin images path to: C:\ST\STM32CubeIDE_1.7.0\STM32CubeIDE\plugins\com.st.stm32cube.common.mx_6.3.0.202107141111\\db\/plugins/mcufinder/images/
2023-11-14 15:13:23,100 [INFO] DbExamples:333 - Set plugin images path to: C:\ST\STM32CubeIDE_1.7.0\STM32CubeIDE\plugins\com.st.stm32cube.common.mx_6.3.0.202107141111\\db\/plugins/mcufinder/images/
2023-11-14 15:13:23,100 [WARN] DbFile:35 - Overriding database path with different value: C:\Users\duyvt\.stmcufinder\plugins\mcufinder/ => C:\Users\duyvt\.stmcufinder\plugins\mcufinder
2023-11-14 15:13:23,100 [INFO] DbMcusAds:119 - Set database path to: C:\Users\duyvt\.stmcufinder\plugins\mcufinder//mcu/
2023-11-14 15:13:23,100 [WARN] DbFile:35 - Overriding database path with different value: C:\Users\duyvt\.stmcufinder\plugins\mcufinder/ => C:\Users\duyvt\.stmcufinder\plugins\mcufinder
2023-11-14 15:13:23,100 [INFO] DbMcusDocs:110 - Set database path to: C:\Users\duyvt\.stmcufinder\plugins\mcufinder//mcu/
2023-11-14 15:13:23,100 [WARN] DbFile:35 - Overriding database path with different value: C:\Users\duyvt\.stmcufinder\plugins\mcufinder/ => C:\Users\duyvt\.stmcufinder\plugins\mcufinder
2023-11-14 15:13:23,100 [INFO] DbMcusJson:64 - Set database path to: C:\Users\duyvt\.stmcufinder\plugins\mcufinder//mcu/
2023-11-14 15:13:23,101 [WARN] DbFile:35 - Overriding database path with different value: C:\Users\duyvt\.stmcufinder\plugins\mcufinder/ => C:\Users\duyvt\.stmcufinder\plugins\mcufinder
2023-11-14 15:13:23,101 [INFO] DbBoardsDocs:110 - Set database path to: C:\Users\duyvt\.stmcufinder\plugins\mcufinder//mcu/
2023-11-14 15:13:23,101 [WARN] DbFile:35 - Overriding database path with different value: C:\Users\duyvt\.stmcufinder\plugins\mcufinder/ => C:\Users\duyvt\.stmcufinder\plugins\mcufinder
2023-11-14 15:13:23,101 [INFO] DbBoardsJson:57 - Set database path to: C:\Users\duyvt\.stmcufinder\plugins\mcufinder//mcu/
2023-11-14 15:13:23,101 [WARN] DbFile:35 - Overriding database path with different value: C:\Users\duyvt\.stmcufinder\plugins\mcufinder/ => C:\Users\duyvt\.stmcufinder\plugins\mcufinder
2023-11-14 15:13:23,101 [WARN] DbFile:35 - Overriding database path with different value: C:\Users\duyvt\.stmcufinder\plugins\mcufinder/ => C:\Users\duyvt\.stmcufinder\plugins\mcufinder
2023-11-14 15:13:23,101 [INFO] CrossReferenceDbSqlite:196 - Set database path to: C:\Users\duyvt\.stmcufinder\plugins\mcufinder//mcu/cs/
2023-11-14 15:13:23,101 [WARN] DbFile:35 - Overriding database path with different value: C:\Users\duyvt\.stmcufinder\plugins\mcufinder/ => C:\Users\duyvt\.stmcufinder\plugins\mcufinder
2023-11-14 15:13:23,101 [INFO] DbExamplesSqlite:767 - Set database path to: C:\Users\duyvt\.stmcufinder\plugins\mcufinder//mcu/
2023-11-14 15:13:23,115 [INFO] ApplicationProperties:181 - Using Application install path: C:\ST\STM32CubeIDE_1.7.0\STM32CubeIDE\plugins\com.st.stm32cube.common.mx_6.3.0.202107141111
2023-11-14 15:13:23,116 [INFO] PluginManage:188 - Search for loadable plugins [exclusion list=, ]
2023-11-14 15:13:23,118 [INFO] PluginManage:302 - Check plugin analytics
2023-11-14 15:13:28,256 [INFO] AnalyticsPlugin:257 - Accepted Software Licenses: 
2023-11-14 15:13:28,256 [INFO] AnalyticsPlugin:259 - Accepted CMSIS Pack Licenses: 
2023-11-14 15:13:28,256 [INFO] AnalyticsPlugin:261 - Accepted Firmware Licenses: 
2023-11-14 15:13:28,257 [INFO] PluginManage:352 - Loaded plugin analytics (category:tool,tabindex:-1)
2023-11-14 15:13:28,257 [INFO] PluginManage:302 - Check plugin clock
2023-11-14 15:13:28,269 [INFO] PluginManage:352 - Loaded plugin clock (category:base,tabindex:2)
2023-11-14 15:13:28,269 [INFO] PluginManage:302 - Check plugin ddr
2023-11-14 15:13:28,272 [INFO] PluginManage:352 - Loaded plugin ddr (category:tool,tabindex:6)
2023-11-14 15:13:28,272 [INFO] PluginManage:302 - Check plugin filemanager
2023-11-14 15:13:28,380 [INFO] PluginManage:352 - Loaded plugin filemanager (category:base,tabindex:10)
2023-11-14 15:13:28,380 [INFO] PluginManage:302 - Check plugin ipmanager
2023-11-14 15:13:28,386 [INFO] PluginManage:352 - Loaded plugin ipmanager (category:base,tabindex:5)
2023-11-14 15:13:28,386 [INFO] PluginManage:302 - Check plugin pinoutandconfiguration
2023-11-14 15:13:28,393 [INFO] PluginManage:352 - Loaded plugin pinoutandconfiguration (category:base,tabindex:1)
2023-11-14 15:13:28,393 [INFO] PluginManage:302 - Check plugin pinoutconfig
2023-11-14 15:13:28,413 [INFO] PluginManage:352 - Loaded plugin pinoutconfig (category:base,tabindex:0)
2023-11-14 15:13:28,413 [INFO] PluginManage:302 - Check plugin power
2023-11-14 15:13:28,421 [INFO] PluginManage:352 - Loaded plugin power (category:power,tabindex:4)
2023-11-14 15:13:28,421 [INFO] PluginManage:302 - Check plugin projectmanager
2023-11-14 15:13:28,435 [INFO] PluginManage:352 - Loaded plugin projectmanager (category:projectmanager,tabindex:3)
2023-11-14 15:13:28,435 [INFO] PluginManage:302 - Check plugin thirdparty
2023-11-14 15:13:28,527 [WARN] IntegrityCheckThread:78 - waiting for thirdparty lock release [integrity check]
2023-11-14 15:13:28,527 [INFO] PluginManage:352 - Loaded plugin thirdparty (category:base,tabindex:-1)
2023-11-14 15:13:28,528 [INFO] PluginManage:302 - Check plugin tools
2023-11-14 15:13:28,528 [INFO] IntegrityCheckThread:80 - entering critical section [integrity check]
2023-11-14 15:13:28,529 [INFO] ThirdPartyUpdaterWithRetryManager:66 - Updater plugin not ready yet. [1/15]
2023-11-14 15:13:28,530 [INFO] PluginManage:352 - Loaded plugin tools (category:base,tabindex:7)
2023-11-14 15:13:28,530 [INFO] PluginManage:302 - Check plugin tutovideos
2023-11-14 15:13:28,723 [INFO] PluginManage:352 - Loaded plugin tutovideos (category:base,tabindex:-1)
2023-11-14 15:13:28,723 [INFO] PluginManage:302 - Check plugin updater
2023-11-14 15:13:28,740 [INFO] PluginManage:352 - Loaded plugin updater (category:base,tabindex:12)
2023-11-14 15:13:28,740 [INFO] PluginManage:275 - PluginManage : Loaded plugins [13]
2023-11-14 15:13:28,923 [INFO] PinOutPanel:1463 - setPackage(No Configuration,No Configuration)
2023-11-14 15:13:28,997 [INFO] IPUIPlugin:74 - create IPUIPlugin
2023-11-14 15:13:28,998 [INFO] PluginManager:213 - loadIPPluginJar : add adc
2023-11-14 15:13:29,001 [INFO] IPUIPlugin:74 - create IPUIPlugin
2023-11-14 15:13:29,001 [INFO] PluginManager:213 - loadIPPluginJar : add aes
2023-11-14 15:13:29,004 [INFO] IPUIPlugin:74 - create IPUIPlugin
2023-11-14 15:13:29,004 [INFO] PluginManager:213 - loadIPPluginJar : add can
2023-11-14 15:13:29,005 [INFO] IPUIPlugin:74 - create IPUIPlugin
2023-11-14 15:13:29,006 [INFO] PluginManager:213 - loadIPPluginJar : add comp
2023-11-14 15:13:29,008 [INFO] IPUIPlugin:74 - create IPUIPlugin
2023-11-14 15:13:29,008 [INFO] PluginManager:213 - loadIPPluginJar : add cryp
2023-11-14 15:13:29,010 [INFO] IPUIPlugin:74 - create IPUIPlugin
2023-11-14 15:13:29,010 [INFO] PluginManager:213 - loadIPPluginJar : add dfsdm
2023-11-14 15:13:29,014 [INFO] IPUIPlugin:74 - create IPUIPlugin
2023-11-14 15:13:29,015 [INFO] PluginManager:213 - loadIPPluginJar : add dma
2023-11-14 15:13:29,017 [INFO] IPUIPlugin:74 - create IPUIPlugin
2023-11-14 15:13:29,017 [INFO] PluginManager:213 - loadIPPluginJar : add dma3
2023-11-14 15:13:29,019 [INFO] IPUIPlugin:74 - create IPUIPlugin
2023-11-14 15:13:29,019 [INFO] PluginManager:213 - loadIPPluginJar : add fatfs
2023-11-14 15:13:29,022 [INFO] IPUIPlugin:74 - create IPUIPlugin
2023-11-14 15:13:29,023 [INFO] PluginManager:213 - loadIPPluginJar : add fmc
2023-11-14 15:13:29,027 [INFO] IPUIPlugin:74 - create IPUIPlugin
2023-11-14 15:13:29,027 [INFO] PluginManager:213 - loadIPPluginJar : add freertos
2023-11-14 15:13:29,028 [INFO] IPUIPlugin:74 - create IPUIPlugin
2023-11-14 15:13:29,028 [INFO] PluginManager:213 - loadIPPluginJar : add genericplugin
2023-11-14 15:13:29,029 [INFO] IPUIPlugin:74 - create IPUIPlugin
2023-11-14 15:13:29,029 [INFO] PluginManager:213 - loadIPPluginJar : add gfxmmu
2023-11-14 15:13:29,034 [INFO] IPUIPlugin:74 - create IPUIPlugin
2023-11-14 15:13:29,034 [INFO] PluginManager:213 - loadIPPluginJar : add gic
2023-11-14 15:13:29,038 [INFO] IPUIPlugin:74 - create IPUIPlugin
2023-11-14 15:13:29,038 [INFO] PluginManager:213 - loadIPPluginJar : add gpio
2023-11-14 15:13:29,040 [INFO] IPUIPlugin:74 - create IPUIPlugin
2023-11-14 15:13:29,040 [INFO] PluginManager:213 - loadIPPluginJar : add gtzc
2023-11-14 15:13:29,042 [INFO] IPUIPlugin:74 - create IPUIPlugin
2023-11-14 15:13:29,042 [INFO] PluginManager:213 - loadIPPluginJar : add hash
2023-11-14 15:13:29,044 [INFO] IPUIPlugin:74 - create IPUIPlugin
2023-11-14 15:13:29,044 [INFO] PluginManager:213 - loadIPPluginJar : add i2c
2023-11-14 15:13:29,046 [INFO] IPUIPlugin:74 - create IPUIPlugin
2023-11-14 15:13:29,046 [INFO] PluginManager:213 - loadIPPluginJar : add i2s
2023-11-14 15:13:29,048 [INFO] IPUIPlugin:74 - create IPUIPlugin
2023-11-14 15:13:29,048 [INFO] PluginManager:213 - loadIPPluginJar : add ipddr
2023-11-14 15:13:29,054 [INFO] IPUIPlugin:74 - create IPUIPlugin
2023-11-14 15:13:29,054 [INFO] PluginManager:213 - loadIPPluginJar : add linkedlist
2023-11-14 15:13:29,056 [INFO] IPUIPlugin:74 - create IPUIPlugin
2023-11-14 15:13:29,056 [INFO] PluginManager:213 - loadIPPluginJar : add lorawan
2023-11-14 15:13:29,057 [INFO] IPUIPlugin:74 - create IPUIPlugin
2023-11-14 15:13:29,057 [INFO] PluginManager:213 - loadIPPluginJar : add ltdc
2023-11-14 15:13:29,060 [INFO] IPUIPlugin:74 - create IPUIPlugin
2023-11-14 15:13:29,060 [INFO] PluginManager:213 - loadIPPluginJar : add mdma
2023-11-14 15:13:29,063 [INFO] IPUIPlugin:74 - create IPUIPlugin
2023-11-14 15:13:29,063 [INFO] PluginManager:213 - loadIPPluginJar : add nvic
2023-11-14 15:13:29,065 [INFO] IPUIPlugin:74 - create IPUIPlugin
2023-11-14 15:13:29,065 [INFO] PluginManager:213 - loadIPPluginJar : add opamp
2023-11-14 15:13:29,068 [INFO] IPUIPlugin:74 - create IPUIPlugin
2023-11-14 15:13:29,068 [INFO] PluginManager:213 - loadIPPluginJar : add openamp
2023-11-14 15:13:29,070 [INFO] IPUIPlugin:74 - create IPUIPlugin
2023-11-14 15:13:29,071 [INFO] PluginManager:213 - loadIPPluginJar : add pdm2pcm
2023-11-14 15:13:29,075 [INFO] IPUIPlugin:74 - create IPUIPlugin
2023-11-14 15:13:29,078 [INFO] PluginManager:213 - loadIPPluginJar : add plateformsettings
2023-11-14 15:13:29,089 [INFO] IPUIPlugin:74 - create IPUIPlugin
2023-11-14 15:13:29,090 [INFO] PluginManager:213 - loadIPPluginJar : add quadspi
2023-11-14 15:13:29,093 [INFO] IPUIPlugin:74 - create IPUIPlugin
2023-11-14 15:13:29,093 [INFO] PluginManager:213 - loadIPPluginJar : add resmgrutility
2023-11-14 15:13:29,096 [INFO] IPUIPlugin:74 - create IPUIPlugin
2023-11-14 15:13:29,096 [INFO] PluginManager:213 - loadIPPluginJar : add sai
2023-11-14 15:13:29,097 [INFO] IPUIPlugin:74 - create IPUIPlugin
2023-11-14 15:13:29,098 [INFO] PluginManager:213 - loadIPPluginJar : add spi
2023-11-14 15:13:29,101 [INFO] IPUIPlugin:74 - create IPUIPlugin
2023-11-14 15:13:29,101 [INFO] PluginManager:213 - loadIPPluginJar : add stm32_wpan
2023-11-14 15:13:29,103 [INFO] IPUIPlugin:74 - create IPUIPlugin
2023-11-14 15:13:29,103 [INFO] PluginManager:213 - loadIPPluginJar : add tim
2023-11-14 15:13:29,105 [INFO] IPUIPlugin:74 - create IPUIPlugin
2023-11-14 15:13:29,105 [INFO] PluginManager:213 - loadIPPluginJar : add touchsensing
2023-11-14 15:13:29,107 [INFO] IPUIPlugin:74 - create IPUIPlugin
2023-11-14 15:13:29,107 [INFO] PluginManager:213 - loadIPPluginJar : add tracer_emb
2023-11-14 15:13:29,108 [INFO] IPUIPlugin:74 - create IPUIPlugin
2023-11-14 15:13:29,108 [INFO] PluginManager:213 - loadIPPluginJar : add ts
2023-11-14 15:13:29,109 [INFO] IPUIPlugin:74 - create IPUIPlugin
2023-11-14 15:13:29,109 [INFO] PluginManager:213 - loadIPPluginJar : add tsc
2023-11-14 15:13:29,111 [INFO] IPUIPlugin:74 - create IPUIPlugin
2023-11-14 15:13:29,111 [INFO] PluginManager:213 - loadIPPluginJar : add ucpd
2023-11-14 15:13:29,113 [INFO] IPUIPlugin:74 - create IPUIPlugin
2023-11-14 15:13:29,113 [INFO] PluginManager:213 - loadIPPluginJar : add usart
2023-11-14 15:13:29,115 [INFO] IPUIPlugin:74 - create IPUIPlugin
2023-11-14 15:13:29,115 [INFO] PluginManager:213 - loadIPPluginJar : add usbx
2023-11-14 15:13:29,438 [FATAL] Updater:294 - Updater called before beeing initialized
2023-11-14 15:13:29,544 [FATAL] Updater:294 - Updater called before beeing initialized
2023-11-14 15:13:29,547 [INFO] DbMcusAds:47 - JSON generation date=Tue Mar 07 15:50:55 ICT 2023 (1678179055335)
2023-11-14 15:13:29,547 [FATAL] Updater:294 - Updater called before beeing initialized
2023-11-14 15:13:29,586 [WARN] DetailPanel:314 - Failed to get advertising image, set to default
2023-11-14 15:13:29,693 [FATAL] Updater:294 - Updater called before beeing initialized
2023-11-14 15:13:29,694 [FATAL] Updater:294 - Updater called before beeing initialized
2023-11-14 15:13:29,694 [FATAL] Updater:294 - Updater called before beeing initialized
2023-11-14 15:13:29,695 [WARN] DetailPanel:314 - Failed to get advertising image, set to default
2023-11-14 15:13:29,696 [FATAL] Updater:294 - Updater called before beeing initialized
2023-11-14 15:13:29,748 [ERROR] Updater:1075 - MainUpdater not yet initialized. External WinMGr cannot be set.
2023-11-14 15:13:29,751 [INFO] Updater:1012 - Updater Version found : 6.3.0
2023-11-14 15:13:29,766 [INFO] ApplicationProperties:181 - Using Application install path: C:\ST\STM32CubeIDE_1.7.0\STM32CubeIDE\plugins\com.st.stm32cube.common.mx_6.3.0.202107141111
2023-11-14 15:13:29,790 [INFO] MainUpdater:489 - Copy updater definitions from MX database
2023-11-14 15:13:29,958 [INFO] MainUpdater:2671 - connection check result : 10
2023-11-14 15:13:29,959 [INFO] MainUpdater:3359 - Updater definition file requires update
2023-11-14 15:13:29,960 [INFO] MainUpdater:265 - Updater Check For Update Now.
2023-11-14 15:13:29,960 [INFO] MicroXplorer:478 - Change Database Version : DB.6.0.30
2023-11-14 15:13:30,108 [INFO] ServerAccessManage:362 - Download File updaters.zip
2023-11-14 15:13:30,211 [INFO] FileExtend:235 - Unzip File : updaters.zip
2023-11-14 15:13:30,211 [INFO] FileExtend:250 - Standard Zip Deflate
2023-11-14 15:13:30,983 [INFO] ServerAccessManage:362 - Download File PacksControlFlags.xml
2023-11-14 15:13:31,222 [INFO] ServerAccessManage:362 - Download File cubemx.pidx
2023-11-14 15:13:31,387 [INFO] LoadServerUpdatesThread:339 - End of LoadServerUpdate Thread
2023-11-14 15:13:31,540 [WARN] MainUpdater:1122 - Updater busy. Cannot search thirdparties
2023-11-14 15:13:31,540 [INFO] ThirdPartyUpdaterWithRetryManager:92 - Updater plugin is busy. [1/15]
2023-11-14 15:13:31,573 [INFO] CheckServerUpdateThread:112 - End of CheckServer Thread
2023-11-14 15:13:31,618 [INFO] MainUpdater:2671 - connection check result : 10
2023-11-14 15:13:31,873 [INFO] McuFinderGlobals:52 - Set McuFinderConnectedMode to false
2023-11-14 15:13:32,041 [INFO] CrossSelectorPresenter:1330 - Cross Selector saved comparison directory: C:\Users\duyvt\.stmcufinder\plugins\mcufinder\mcu\cs_comparisons_mx
2023-11-14 15:13:32,048 [INFO] MultiScanPanel:197 - Auto-refresh data requested => check proxy status ongoing
2023-11-14 15:13:32,048 [INFO] MultiScanPanel:201 - Proxy status is invalid
2023-11-14 15:13:32,054 [INFO] FinderPluginLoader:87 - Searching for filters in installed packs
2023-11-14 15:13:32,059 [INFO] DbMcusXml:100 - Load MCU database from C:\ST\STM32CubeIDE_1.7.0\STM32CubeIDE\plugins\com.st.stm32cube.common.mx_6.3.0.202107141111\\db\/mcu/families.xml
2023-11-14 15:13:33,275 [INFO] DbMcusJson:93 - JSON generation date=Mon Jun 07 15:53:21 ICT 2021 (1623056001)
2023-11-14 15:13:34,469 [INFO] DbMcus:175 - Found 1951 MCUs (1903 are supported by CubeMX, 1903 are visible in CubeMX)
2023-11-14 15:13:34,469 [INFO] ApiDb:251 - Load user favorites file C:\Users\duyvt/.stm32cubeide/favorites.mcus.txt: 0 item(s)
2023-11-14 15:13:34,470 [INFO] ApiDb:255 - User favorites MCUs=[]
2023-11-14 15:13:34,470 [INFO] DbMcus:187 - Set 0 / 0 favorites MCUs
2023-11-14 15:13:34,830 [ERROR] Engine:463 - C:\Users\duyvt\.stm32cubemx\thirdparties\pdsc\STMicroelectronics.X-CUBE-SMBUS.2.1.0.pdsc: PDSC version is not supported
2023-11-14 15:13:34,903 [WARN] PackLoader:238 - Cannot read IP mode file for STMicroelectronics.X-CUBE-AZRTOS-F7.1.1.0
2023-11-14 15:13:34,916 [ERROR] Engine:463 - C:\Users\duyvt\.stm32cubemx\thirdparties\pdsc\STMicroelectronics.FP-SNS-MOTENV1.4.3.2.pdsc: PDSC version is not supported
2023-11-14 15:13:34,919 [ERROR] Engine:463 - C:\Users\duyvt\.stm32cubemx\thirdparties\pdsc\STMicroelectronics.FP-SNS-FLIGHT1.5.0.2.pdsc: PDSC version is not supported
2023-11-14 15:13:34,924 [ERROR] Engine:463 - C:\Users\duyvt\.stm32cubemx\thirdparties\pdsc\STMicroelectronics.X-CUBE-DISPLAY.3.0.0.pdsc: PDSC version is not supported
2023-11-14 15:13:34,934 [WARN] PackLoader:238 - Cannot read IP mode file for STMicroelectronics.X-CUBE-BLE1.7.0.0
2023-11-14 15:13:34,937 [ERROR] Engine:463 - C:\Users\duyvt\.stm32cubemx\thirdparties\pdsc\emotas.I-CUBE-CANOPEN.1.3.0.pdsc: PDSC version is not supported
2023-11-14 15:13:34,941 [WARN] PackLoader:238 - Cannot read IP mode file for STMicroelectronics.X-CUBE-TOUCHGFX.4.22.1
2023-11-14 15:13:34,944 [ERROR] Engine:463 - C:\Users\duyvt\.stm32cubemx\thirdparties\pdsc\STMicroelectronics.FP-SNS-SMARTAG2.1.2.0.pdsc: PDSC version is not supported
2023-11-14 15:13:34,958 [INFO] LogOutputStream:76 - [STDOUT_REDIRECT] 1 : Invalid condition id : UX_CORESTACK_Condition cause : null
2023-11-14 15:13:34,960 [INFO] LogOutputStream:76 - [STDOUT_REDIRECT] 1 : Invalid condition id : UX_CORESTACK_Condition cause : null
2023-11-14 15:13:34,961 [INFO] LogOutputStream:76 - [STDOUT_REDIRECT] 1 : Invalid condition id : UX_CORESTACK_Condition cause : null
2023-11-14 15:13:34,963 [INFO] LogOutputStream:76 - [STDOUT_REDIRECT] 1 : Invalid condition id : UX_CORESTACK_Condition cause : null
2023-11-14 15:13:34,964 [INFO] LogOutputStream:76 - [STDOUT_REDIRECT] 1 : Invalid condition id : UX_CORESTACK_Condition cause : null
2023-11-14 15:13:34,968 [WARN] PackLoader:238 - Cannot read IP mode file for STMicroelectronics.X-CUBE-AZRTOS-WL.2.0.0
2023-11-14 15:13:34,981 [WARN] PackLoader:238 - Cannot read IP mode file for WES.I-CUBE-Cesium.1.3.0
2023-11-14 15:13:34,987 [WARN] PackLoader:238 - Cannot read IP mode file for STMicroelectronics.X-CUBE-BLE2.3.3.0
2023-11-14 15:13:34,994 [WARN] PackLoader:238 - Cannot read IP mode file for STMicroelectronics.X-CUBE-ALGOBUILD.1.3.0
2023-11-14 15:13:35,015 [WARN] PackLoader:238 - Cannot read IP mode file for STMicroelectronics.X-CUBE-AZRTOS-G0.1.1.0
2023-11-14 15:13:35,035 [WARN] PackLoader:238 - Cannot read IP mode file for STMicroelectronics.X-CUBE-NFC4.3.0.0
2023-11-14 15:13:35,042 [ERROR] Engine:463 - C:\Users\duyvt\.stm32cubemx\thirdparties\pdsc\STMicroelectronics.X-CUBE-BLEMGR.3.0.0.pdsc: PDSC version is not supported
2023-11-14 15:13:35,046 [WARN] PackLoader:238 - Cannot read IP mode file for STMicroelectronics.FP-ATR-SIGFOX1.3.2.0
2023-11-14 15:13:35,052 [WARN] PackLoader:238 - Cannot read IP mode file for STMicroelectronics.X-CUBE-GNSS1.6.0.0
2023-11-14 15:13:35,094 [WARN] PackLoader:238 - Cannot read IP mode file for STMicroelectronics.X-CUBE-AZRTOS-F4.1.1.0
2023-11-14 15:13:35,101 [WARN] PackLoader:238 - Cannot read IP mode file for wolfSSL.I-CUBE-wolfSSL.5.6.4
2023-11-14 15:13:35,124 [WARN] PackLoader:238 - Cannot read IP mode file for STMicroelectronics.X-CUBE-AZRTOS-L5.2.0.0
2023-11-14 15:13:35,142 [WARN] PackLoader:238 - Cannot read IP mode file for STMicroelectronics.X-CUBE-EEPRMA1.4.2.0
2023-11-14 15:13:35,145 [ERROR] Engine:463 - C:\Users\duyvt\.stm32cubemx\thirdparties\pdsc\ITTIA_DB.I-CUBE-ITTIADB.8.8.0.pdsc: PDSC version is not supported
2023-11-14 15:13:35,166 [WARN] ConditionMgr:437 - getConditionDescription Invalid condition id : UX DEVICE CLASS RTOS Condition cause : null
2023-11-14 15:13:35,166 [WARN] ConditionMgr:437 - getConditionDescription Invalid condition id : UX DEVICE CLASS RTOS Condition cause : null
2023-11-14 15:13:35,179 [WARN] PackLoader:238 - Cannot read IP mode file for STMicroelectronics.X-CUBE-AZRTOS-H7.3.1.0
2023-11-14 15:13:35,179 [INFO] DetailPanel:309 - Set advertising image to C:/Users/duyvt/STM32Cube/Repository/\en.prom-stm32h5-mcu-finder.jpg
2023-11-14 15:13:35,182 [WARN] ConditionMgr:1038 - genDependencies : Invalid condition id : UX DEVICE CLASS RTOS Condition cause : null
2023-11-14 15:13:35,182 [WARN] ConditionMgr:1038 - genDependencies : Invalid condition id : UX DEVICE CLASS RTOS Condition cause : null
2023-11-14 15:13:35,183 [WARN] ConditionMgr:1038 - genDependencies : Invalid condition id : UX DEVICE CLASS RTOS Condition cause : null
2023-11-14 15:13:35,183 [WARN] ConditionMgr:1038 - genDependencies : Invalid condition id : UX DEVICE CLASS RTOS Condition cause : null
2023-11-14 15:13:35,183 [WARN] ConditionMgr:1038 - genDependencies : Invalid condition id : UX DEVICE CLASS RTOS Condition cause : null
2023-11-14 15:13:35,209 [WARN] PackLoader:238 - Cannot read IP mode file for STMicroelectronics.X-CUBE-NFC7.1.0.1
2023-11-14 15:13:35,269 [WARN] PackLoader:238 - Cannot read IP mode file for STMicroelectronics.X-CUBE-NFC6.3.0.0
2023-11-14 15:13:35,294 [WARN] PackLoader:238 - Cannot read IP mode file for STMicroelectronics.X-CUBE-AI.8.1.0
2023-11-14 15:13:35,395 [WARN] ConditionMgr:437 - getConditionDescription Invalid condition id : LAN8742 Phy interface Condition cause : null
2023-11-14 15:13:35,397 [WARN] PackLoader:238 - Cannot read IP mode file for STMicroelectronics.X-CUBE-AZRTOS-L4.2.0.0
2023-11-14 15:13:35,403 [WARN] ConditionMgr:1038 - genDependencies : Invalid condition id : LAN8742 Phy interface Condition cause : null
2023-11-14 15:13:35,404 [WARN] ConditionMgr:1038 - genDependencies : Invalid condition id : LAN8742 Phy interface Condition cause : null
2023-11-14 15:13:35,406 [WARN] ConditionMgr:1038 - genDependencies : Invalid condition id : LAN8742 Phy interface Condition cause : null
2023-11-14 15:13:35,424 [WARN] PackLoader:238 - Cannot read IP mode file for STMicroelectronics.X-CUBE-SFXS2LP1.4.0.0
2023-11-14 15:13:35,434 [WARN] PackLoader:238 - Cannot read IP mode file for STMicroelectronics.X-CUBE-ISPU.1.1.0
2023-11-14 15:13:35,490 [WARN] ConditionMgr:437 - getConditionDescription Invalid condition id : UX DEVICE CLASS RTOS Condition cause : null
2023-11-14 15:13:35,491 [WARN] ConditionMgr:437 - getConditionDescription Invalid condition id : UX DEVICE CLASS RTOS Condition cause : null
2023-11-14 15:13:35,496 [WARN] PackLoader:238 - Cannot read IP mode file for STMicroelectronics.X-CUBE-AZRTOS-WB.2.0.0
2023-11-14 15:13:35,498 [WARN] ConditionMgr:1038 - genDependencies : Invalid condition id : UX DEVICE CLASS RTOS Condition cause : null
2023-11-14 15:13:35,498 [WARN] ConditionMgr:1038 - genDependencies : Invalid condition id : UX DEVICE CLASS RTOS Condition cause : null
2023-11-14 15:13:35,499 [WARN] ConditionMgr:1038 - genDependencies : Invalid condition id : UX DEVICE CLASS RTOS Condition cause : null
2023-11-14 15:13:35,500 [WARN] ConditionMgr:1038 - genDependencies : Invalid condition id : UX DEVICE CLASS RTOS Condition cause : null
2023-11-14 15:13:35,500 [WARN] ConditionMgr:1038 - genDependencies : Invalid condition id : UX DEVICE CLASS RTOS Condition cause : null
2023-11-14 15:13:35,535 [WARN] PackLoader:238 - Cannot read IP mode file for STMicroelectronics.X-CUBE-SUBG2.5.0.0
2023-11-14 15:13:35,562 [ERROR] Engine:463 - C:\Users\duyvt\.stm32cubemx\thirdparties\pdsc\STMicroelectronics.X-CUBE-TOF1.3.3.1.pdsc: PDSC version is not supported
2023-11-14 15:13:35,600 [WARN] PackLoader:238 - Cannot read IP mode file for STMicroelectronics.X-CUBE-AZRTOS-G4.2.0.0
2023-11-14 15:13:35,627 [ERROR] Engine:463 - C:\Users\duyvt\.stm32cubemx\thirdparties\pdsc\Infineon.AIROC-Wi-Fi-Bluetooth-STM32.1.5.1.pdsc: PDSC version is not supported
2023-11-14 15:13:35,630 [ERROR] Engine:463 - C:\Users\duyvt\.stm32cubemx\thirdparties\pdsc\STMicroelectronics.FP-SNS-MOTENVWB1.1.3.0.pdsc: PDSC version is not supported
2023-11-14 15:13:35,728 [WARN] PackLoader:238 - Cannot read IP mode file for STMicroelectronics.X-CUBE-MEMS1.10.0.0
2023-11-14 15:13:35,948 [INFO] ToolPreferences:109 - Table McuList, key=mcufinder_cubeide.mculist: column name not found=Commercial Part No
2023-11-14 15:13:35,948 [INFO] ToolPreferences:109 - Table McuList, key=mcufinder_cubeide.mculist: column name not found=I/O
2023-11-14 15:13:35,948 [INFO] ToolPreferences:109 - Table McuList, key=mcufinder_cubeide.mculist: column name not found=Frequency
2023-11-14 15:13:36,080 [INFO] ToolPreferences:109 - Table McuList, key=mcufinder_cubeide.mculist: column name not found=Commercial Part No
2023-11-14 15:13:36,081 [INFO] ToolPreferences:109 - Table McuList, key=mcufinder_cubeide.mculist: column name not found=I/O
2023-11-14 15:13:36,081 [INFO] ToolPreferences:109 - Table McuList, key=mcufinder_cubeide.mculist: column name not found=Frequency
2023-11-14 15:13:36,100 [INFO] DbBoardsPdsc:90 - Found 25 items
2023-11-14 15:13:36,102 [INFO] DbBoardsPdsc:90 - Found 9 items
2023-11-14 15:13:36,106 [INFO] DbBoardsPdsc:90 - Found 33 items
2023-11-14 15:13:36,108 [INFO] DbBoardsPdsc:90 - Found 1 items
2023-11-14 15:13:36,117 [INFO] DbBoardsPdsc:90 - Found 48 items
2023-11-14 15:13:36,129 [INFO] DbBoardsPdsc:90 - Found 43 items
2023-11-14 15:13:36,131 [INFO] DbBoardsPdsc:90 - Found 2 items
2023-11-14 15:13:36,133 [INFO] DbBoardsPdsc:90 - Found 5 items
2023-11-14 15:13:36,139 [WARN] DbBoardsPdsc:254 - Board STM32H7B3I-DK: unknown feature type=Audio, name=, username=Audio stereo codec with Headphone Amp (CS42L51-CNZ), n=1
2023-11-14 15:13:36,139 [WARN] DbBoardsPdsc:254 - Board STM32H735G-DK: unknown feature type=Audio, name=, username=Audio stereo codec with Headphone Amp (WM8994ECS/R), n=1
2023-11-14 15:13:36,141 [WARN] DbBoardsPdsc:254 - Board STM32H7B3I-EVAL: unknown feature type=Audio, name=, username=Multi-Channel Audio Codec (CS42L51-CNZ), n=1
2023-11-14 15:13:36,141 [WARN] DbBoardsPdsc:254 - Board STM32H7B3I-EVAL: unknown feature type=Meter, name=, username=Power-metering and Temperature-monitoring with sigma-delta modulators, n=1
2023-11-14 15:13:36,141 [WARN] DbBoardsPdsc:254 - Board STM32H7B3I-EVAL: unknown feature type=Motor, name=, username=Motor Control, n=1
2023-11-14 15:13:36,141 [WARN] DbBoardsPdsc:254 - Board STM32U575I-EV: unknown feature type=joystick, name=, username=4-direction joystick with selection button, n=1
2023-11-14 15:13:36,147 [ERROR] Engine:463 - C:\Users\duyvt\.stm32cubemx\thirdparties\pdsc\STMicroelectronics.X-CUBE-FREERTOS.1.1.0.pdsc: PDSC version is not supported
2023-11-14 15:13:36,154 [WARN] PackLoader:238 - Cannot read IP mode file for portGmbH.I-Cube-SoM-uGOAL.1.1.0
2023-11-14 15:13:36,158 [WARN] PackLoader:238 - Cannot read IP mode file for STMicroelectronics.X-CUBE-ALS.1.0.1
2023-11-14 15:13:36,158 [INFO] DbBoardsJson:86 - JSON generation date=Tue Jun 01 12:52:40 ICT 2021 (1622526760)
2023-11-14 15:13:36,164 [WARN] PackLoader:238 - Cannot read IP mode file for STMicroelectronics.FP-ATR-ASTRA1.2.0.0
2023-11-14 15:13:36,164 [INFO] ThirdParty:915 - Integrity check success = true
2023-11-14 15:13:36,165 [INFO] IntegrityCheckThread:94 - exiting critical section [integrity check]
2023-11-14 15:13:36,165 [INFO] IntegrityCheckThread:97 - End integrity checks thread
2023-11-14 15:13:36,167 [INFO] DbBoards:117 - Found 166 boards (163 are supported by CubeMX)
2023-11-14 15:13:36,178 [INFO] DbBoardsDocs:143 - JSON generation date=Tue Jun 01 12:52:40 ICT 2021 (1622526760)
2023-11-14 15:13:36,199 [INFO] DbBoardsDocs:79 - Found 193 boards documents
2023-11-14 15:13:36,199 [WARN] DbBoards:127 - board B-L462E-CELL1 has no document id list !
2023-11-14 15:13:36,199 [WARN] DbBoards:127 - board B-L475E-IOT01A2 has no document id list !
2023-11-14 15:13:36,199 [WARN] DbBoards:127 - board B-U585I-IOT02A has no document id list !
2023-11-14 15:13:36,200 [WARN] DbBoards:127 - board NUCLEO-G0B1RE has no document id list !
2023-11-14 15:13:36,200 [WARN] DbBoards:127 - board NUCLEO-H743ZI has no document id list !
2023-11-14 15:13:36,201 [WARN] DbBoards:127 - board NUCLEO-L4A6ZG has no document id list !
2023-11-14 15:13:36,201 [WARN] DbBoards:127 - board NUCLEO-U575ZI-Q has no document id list !
2023-11-14 15:13:36,201 [WARN] DbBoards:127 - board NUCLEO-WB15CC has no document id list !
2023-11-14 15:13:36,201 [WARN] DbBoards:127 - board NUCLEO-WB55RG has no document id list !
2023-11-14 15:13:36,201 [WARN] DbBoards:127 - board NUCLEO-WL55JC2 has no document id list !
2023-11-14 15:13:36,201 [WARN] DbBoards:127 - board P-NUCLEO-WB55-Nucleo has no document id list !
2023-11-14 15:13:36,202 [WARN] DbBoards:127 - board P-NUCLEO-WB55-USBDongle has no document id list !
2023-11-14 15:13:36,202 [WARN] DbBoards:127 - board STEVAL-BFA001V1B has no document id list !
2023-11-14 15:13:36,202 [WARN] DbBoards:127 - board STEVAL-BFA001V2B has no document id list !
2023-11-14 15:13:36,202 [WARN] DbBoards:127 - board STEVAL-IDP005V1 has no document id list !
2023-11-14 15:13:36,202 [WARN] DbBoards:127 - board STEVAL-IDP005V2 has no document id list !
2023-11-14 15:13:36,202 [WARN] DbBoards:127 - board STEVAL-MKSBOX1V1 has no document id list !
2023-11-14 15:13:36,202 [WARN] DbBoards:127 - board STEVAL-STWINKT1 has no document id list !
2023-11-14 15:13:36,202 [WARN] DbBoards:127 - board STEVAL-STWINKT1B has no document id list !
2023-11-14 15:13:36,203 [WARN] DbBoards:127 - board STM32F401C-DISCO has no document id list !
2023-11-14 15:13:36,204 [WARN] DbBoards:127 - board STM32F769I-DISC1 has no document id list !
2023-11-14 15:13:36,205 [WARN] DbBoards:127 - board STM32G0C1E-EV has no document id list !
2023-11-14 15:13:36,205 [WARN] DbBoards:127 - board STM32G474E-EVAL1 has no document id list !
2023-11-14 15:13:36,205 [WARN] DbBoards:127 - board STM32H743I-EVAL2 has no document id list !
2023-11-14 15:13:36,206 [WARN] DbBoards:127 - board STM32H747I-DISC1 has no document id list !
2023-11-14 15:13:36,206 [WARN] DbBoards:127 - board STM32H753I-EVAL2 has no document id list !
2023-11-14 15:13:36,206 [WARN] DbBoards:127 - board STM32L-DISCOVERY has no document id list !
2023-11-14 15:13:36,207 [WARN] DbBoards:127 - board STM32MP157A-DK1 has no document id list !
2023-11-14 15:13:36,207 [WARN] DbBoards:127 - board STM32MP157D-DK1 has no document id list !
2023-11-14 15:13:36,207 [WARN] DbBoards:127 - board STM32MP157D-EV1 has no document id list !
2023-11-14 15:13:36,207 [WARN] DbBoards:127 - board STM32MP157F-DK2 has no document id list !
2023-11-14 15:13:36,207 [WARN] DbBoards:127 - board STM32MP157F-EV1 has no document id list !
2023-11-14 15:13:36,207 [WARN] DbBoards:127 - board STM32U575I-EV has no document id list !
2023-11-14 15:13:36,208 [WARN] DbBoards:127 - board STM32WB5MM-DK has no document id list !
2023-11-14 15:13:38,683 [INFO] ApiDb:242 - User favorites file not found: C:\Users\duyvt/.stm32cubeide/favorites.boards.txt
2023-11-14 15:13:38,683 [INFO] DbBoards:206 - Set 0 / 0 favorites Boards
2023-11-14 15:13:39,272 [INFO] ToolPreferences:109 - Table McuList, key=mcufinder_cubeide.mculist: column name not found=Commercial Part No
2023-11-14 15:13:39,273 [INFO] ToolPreferences:109 - Table McuList, key=mcufinder_cubeide.mculist: column name not found=I/O
2023-11-14 15:13:39,273 [INFO] ToolPreferences:109 - Table McuList, key=mcufinder_cubeide.mculist: column name not found=Frequency
2023-11-14 15:15:24,242 [INFO] DbMcusDocs:143 - JSON generation date=Mon Jun 07 15:53:21 ICT 2021 (1623056001)
2023-11-14 15:15:24,576 [INFO] DbMcusDocs:79 - Found 669 MCUs documents
2023-11-14 15:15:42,062 [INFO] MainUpdater:2671 - connection check result : 10
2023-11-14 15:15:42,062 [INFO] MainUpdater:2671 - connection check result : 10
2023-11-14 15:15:42,116 [INFO] MicroXplorer:448 - Change Database Path : 
2023-11-14 15:15:42,116 [INFO] MicroXplorer:478 - Change Database Version : DB.6.0.30
2023-11-14 15:15:42,117 [WARN] ThirdParty:813 - waiting for thirdparty lock release [close project]
2023-11-14 15:15:42,117 [INFO] ThirdParty:815 - entering critical section [close project]
2023-11-14 15:15:42,118 [INFO] ThirdParty:825 - exiting critical section [close project]
2023-11-14 15:15:42,122 [INFO] PinOutPanel:1463 - setPackage(No Configuration,No Configuration)
2023-11-14 15:15:42,123 [INFO] UtilMem:74 - Begin LoadConfig() Used Memory: 676838808 Bytes (780140544)
2023-11-14 15:15:42,124 [INFO] MicroXplorer:448 - Change Database Path : 
2023-11-14 15:15:42,124 [INFO] MicroXplorer:478 - Change Database Version : DB.6.0.30
2023-11-14 15:15:42,124 [INFO] OpenFileManager:313 - Change cursor
2023-11-14 15:15:45,259 [INFO] Context:592 - Trying to add GPIOservice into a context  which must be forbidden
2023-11-14 15:15:46,026 [INFO] ImportTextPane:167 - (OptionalMessage_ERROR) Unable to find key (Mcu.ThirdPartyNb) in loaded IOC file
2023-11-14 15:15:46,026 [INFO] ImportTextPane:167 - (OptionalMessage_ERROR) Unable to find key (Mcu.PinsNb) in loaded IOC file
2023-11-14 15:15:46,026 [INFO] ImportTextPane:167 - (OptionalMessage_ERROR) Unable to find key (Mcu.IPNb) in loaded IOC file
2023-11-14 15:15:46,119 [WARN] ApiManager:304 - Cannot register API 'Board Extension:GNSS1A1' from pack STMicroelectronics.X-CUBE-GNSS1.6.0.0: no header file found
2023-11-14 15:15:46,119 [WARN] ApiManager:304 - Cannot register API 'Board Support:Custom' from pack STMicroelectronics.X-CUBE-GNSS1.6.0.0: no header file found
2023-11-14 15:15:46,119 [WARN] ApiManager:304 - Cannot register API 'Data Exchange:lib_gnss' from pack STMicroelectronics.X-CUBE-GNSS1.6.0.0: no header file found
2023-11-14 15:15:46,127 [WARN] ApiManager:304 - Cannot register API 'Wireless:BlueNRG-MS' from pack STMicroelectronics.X-CUBE-BLE1.7.0.0: no header file found
2023-11-14 15:15:46,132 [WARN] ModelIntegratedComponent:60 - No mode defined for component null
2023-11-14 15:15:46,132 [WARN] ModelIntegratedComponent:60 - No mode defined for component null
2023-11-14 15:15:46,132 [WARN] ModelIntegratedComponent:60 - No mode defined for component null
2023-11-14 15:15:46,133 [WARN] ModelIntegratedComponent:60 - No mode defined for component null
2023-11-14 15:15:46,133 [WARN] ModelIntegratedComponent:60 - No mode defined for component null
2023-11-14 15:15:46,133 [WARN] ModelIntegratedComponent:60 - No mode defined for component null
2023-11-14 15:15:46,133 [WARN] ModelIntegratedComponent:60 - No mode defined for component null
2023-11-14 15:15:46,133 [WARN] ModelIntegratedComponent:60 - No mode defined for component null
2023-11-14 15:15:46,133 [WARN] ModelIntegratedComponent:60 - No mode defined for component null
2023-11-14 15:15:46,133 [WARN] ModelIntegratedComponent:60 - No mode defined for component null
2023-11-14 15:15:46,134 [WARN] ModelIntegratedComponent:60 - No mode defined for component null
2023-11-14 15:15:46,134 [WARN] ModelIntegratedComponent:60 - No mode defined for component null
2023-11-14 15:15:46,134 [WARN] ModelIntegratedComponent:60 - No mode defined for component null
2023-11-14 15:15:46,134 [WARN] ModelIntegratedComponent:60 - No mode defined for component null
2023-11-14 15:15:46,134 [WARN] ModelIntegratedComponent:60 - No mode defined for component null
2023-11-14 15:15:46,134 [WARN] ModelIntegratedComponent:60 - No mode defined for component null
2023-11-14 15:15:46,134 [WARN] ModelIntegratedComponent:60 - No mode defined for component null
2023-11-14 15:15:46,134 [WARN] ModelIntegratedComponent:60 - No mode defined for component null
2023-11-14 15:15:46,134 [WARN] ModelIntegratedComponent:60 - No mode defined for component null
2023-11-14 15:15:46,134 [WARN] ModelIntegratedComponent:60 - No mode defined for component null
2023-11-14 15:15:46,134 [WARN] ModelIntegratedComponent:60 - No mode defined for component null
2023-11-14 15:15:46,134 [WARN] ModelIntegratedComponent:60 - No mode defined for component null
2023-11-14 15:15:46,134 [WARN] ModelIntegratedComponent:60 - No mode defined for component null
2023-11-14 15:15:46,134 [WARN] ModelIntegratedComponent:60 - No mode defined for component null
2023-11-14 15:15:46,134 [WARN] ModelIntegratedComponent:60 - No mode defined for component null
2023-11-14 15:15:46,134 [WARN] ModelIntegratedComponent:60 - No mode defined for component null
2023-11-14 15:15:46,136 [WARN] ModelIntegratedComponent:60 - No mode defined for component null
2023-11-14 15:15:46,136 [WARN] ModelIntegratedComponent:60 - No mode defined for component null
2023-11-14 15:15:46,136 [WARN] ModelIntegratedComponent:60 - No mode defined for component null
2023-11-14 15:15:46,136 [WARN] ModelIntegratedComponent:60 - No mode defined for component null
2023-11-14 15:15:46,136 [WARN] ModelIntegratedComponent:60 - No mode defined for component null
2023-11-14 15:15:46,450 [WARN] ApiManager:304 - Cannot register API 'Board Extension:IKS01A3' from pack STMicroelectronics.X-CUBE-MEMS1.10.0.0: no header file found
2023-11-14 15:15:46,451 [WARN] ApiManager:304 - Cannot register API 'Board Extension:IKS02A1' from pack STMicroelectronics.X-CUBE-MEMS1.10.0.0: no header file found
2023-11-14 15:15:46,451 [WARN] ApiManager:304 - Cannot register API 'Board Extension:IKS4A1' from pack STMicroelectronics.X-CUBE-MEMS1.10.0.0: no header file found
2023-11-14 15:15:46,459 [WARN] ApiManager:304 - Cannot register API 'Board Extension:NFC07A1' from pack STMicroelectronics.X-CUBE-NFC7.1.0.1: no header file found
2023-11-14 15:15:46,462 [WARN] ApiManager:304 - Cannot register API 'Board Extension:NFC06A1' from pack STMicroelectronics.X-CUBE-NFC6.3.0.0: no header file found
2023-11-14 15:15:46,463 [WARN] ApiManager:304 - Cannot register API 'Board Extension:NFC08A1' from pack STMicroelectronics.X-CUBE-NFC6.3.0.0: no header file found
2023-11-14 15:15:46,464 [WARN] ApiManager:304 - Cannot register API 'Board Extension:EEPRMA2' from pack STMicroelectronics.X-CUBE-EEPRMA1.4.2.0: no header file found
2023-11-14 15:15:46,464 [WARN] ApiManager:304 - Cannot register API 'Board Extension:PGEEZ1' from pack STMicroelectronics.X-CUBE-EEPRMA1.4.2.0: no header file found
2023-11-14 15:15:46,464 [WARN] ApiManager:304 - Cannot register API 'Board Part:M24' from pack STMicroelectronics.X-CUBE-EEPRMA1.4.2.0: no header file found
2023-11-14 15:15:46,464 [WARN] ApiManager:304 - Cannot register API 'Board Part:M95' from pack STMicroelectronics.X-CUBE-EEPRMA1.4.2.0: no header file found
2023-11-14 15:15:46,465 [WARN] ApiManager:304 - Cannot register API 'Board Part:M95P32' from pack STMicroelectronics.X-CUBE-EEPRMA1.4.2.0: no header file found
2023-11-14 15:15:46,465 [WARN] ApiManager:304 - Cannot register API 'PGEEZ1:SPI' from pack STMicroelectronics.X-CUBE-EEPRMA1.4.2.0: no header file found
2023-11-14 15:15:46,465 [WARN] ApiManager:304 - Cannot register API 'PGEEZ1:QDSPI' from pack STMicroelectronics.X-CUBE-EEPRMA1.4.2.0: no header file found
2023-11-14 15:15:46,468 [INFO] RtosManager:484 - Registered RTOS mode: class=CMSIS, group=RTOS, mode=CMSIS_V1, owner=FREERTOS
2023-11-14 15:15:46,468 [INFO] RtosManager:484 - Registered RTOS mode: class=CMSIS, group=RTOS2, mode=CMSIS_V2, owner=FREERTOS
2023-11-14 15:15:46,468 [INFO] RtosManager:484 - Registered RTOS mode: class=RTOS, group=Core, mode=CMSIS_V1, owner=FREERTOS
2023-11-14 15:15:46,469 [INFO] RtosManager:484 - Registered RTOS mode: class=RTOS, group=Core, mode=CMSIS_V2, owner=FREERTOS
2023-11-14 15:15:46,469 [WARN] ModelIntegratedComponent:181 - Missing modes for component STMicroelectronics:FreeRTOS:0.0.1:STMicroelectronics:RTOS:FreeRTOS:Core:::10.2.0:
2023-11-14 15:15:46,472 [WARN] ApiManager:304 - Cannot register API 'Board Extension:NFC04A1' from pack STMicroelectronics.X-CUBE-NFC4.3.0.0: no header file found
2023-11-14 15:15:46,479 [WARN] ApiManager:304 - Cannot register API 'Board Extension:S2868A1' from pack STMicroelectronics.X-CUBE-SUBG2.5.0.0: no header file found
2023-11-14 15:15:46,479 [WARN] ApiManager:304 - Cannot register API 'Board Extension:S2868A2' from pack STMicroelectronics.X-CUBE-SUBG2.5.0.0: no header file found
2023-11-14 15:15:46,479 [WARN] ApiManager:304 - Cannot register API 'Board Extension:S2915A1' from pack STMicroelectronics.X-CUBE-SUBG2.5.0.0: no header file found
2023-11-14 15:15:46,484 [WARN] ApiManager:304 - Cannot register API 'Board Extension:S2868A1' from pack STMicroelectronics.X-CUBE-SFXS2LP1.4.0.0: no header file found
2023-11-14 15:15:46,486 [WARN] ApiManager:304 - Cannot register API 'Board Extension:S2868A2' from pack STMicroelectronics.X-CUBE-SFXS2LP1.4.0.0: no header file found
2023-11-14 15:15:46,486 [WARN] ApiManager:304 - Cannot register API 'Board Extension:S2915A1' from pack STMicroelectronics.X-CUBE-SFXS2LP1.4.0.0: no header file found
2023-11-14 15:15:46,486 [WARN] ApiManager:304 - Cannot register API 'Wireless:BlueNRG-2' from pack STMicroelectronics.X-CUBE-BLE2.3.3.0: no header file found
2023-11-14 15:15:49,406 [INFO] UtilMem:74 - End LoadConfig() Used Memory: 696982536 Bytes (792723456)
2023-11-14 15:15:49,409 [WARN] ThirdParty:779 - waiting for thirdparty lock release [change project]
2023-11-14 15:15:49,409 [INFO] ThirdParty:781 - entering critical section [change project]
2023-11-14 15:15:49,409 [INFO] ThirdParty:967 - CMSIS Pack Vendor :STMicroelectronics X-CUBE-ISPU 1.1.0
2023-11-14 15:15:49,409 [INFO] ThirdParty:967 - CMSIS Pack Vendor :STMicroelectronics X-CUBE-GNSS1 6.0.0
2023-11-14 15:15:49,409 [INFO] ThirdParty:967 - CMSIS Pack Vendor :STMicroelectronics USB_HOST 2.0.0
2023-11-14 15:15:49,410 [INFO] ThirdParty:967 - CMSIS Pack Vendor :STMicroelectronics X-CUBE-AZRTOS-F4 1.1.0
2023-11-14 15:15:49,410 [INFO] ThirdParty:967 - CMSIS Pack Vendor :STMicroelectronics X-CUBE-BLE1 7.0.0
2023-11-14 15:15:49,410 [INFO] ThirdParty:967 - CMSIS Pack Vendor :STMicroelectronics FP-ATR-SIGFOX1 3.2.0
2023-11-14 15:15:49,410 [INFO] ThirdParty:967 - CMSIS Pack Vendor :wolfSSL I-CUBE-wolfSSL 5.6.4
2023-11-14 15:15:49,410 [INFO] ThirdParty:967 - CMSIS Pack Vendor :STMicroelectronics USB_DEVICE 3.0.0
2023-11-14 15:15:49,410 [INFO] ThirdParty:967 - CMSIS Pack Vendor :STMicroelectronics HAL Drivers 0.0.0
2023-11-14 15:15:49,410 [INFO] ThirdParty:967 - CMSIS Pack Vendor :STMicroelectronics MBEDTLS 2.16.2
2023-11-14 15:15:49,410 [INFO] ThirdParty:967 - CMSIS Pack Vendor :STMicroelectronics X-CUBE-AZRTOS-WB 2.0.0
2023-11-14 15:15:49,410 [INFO] ThirdParty:967 - CMSIS Pack Vendor :STMicroelectronics X-CUBE-MEMS1 10.0.0
2023-11-14 15:15:49,410 [INFO] ThirdParty:967 - CMSIS Pack Vendor :STMicroelectronics X-CUBE-NFC7 1.0.1
2023-11-14 15:15:49,410 [INFO] ThirdParty:967 - CMSIS Pack Vendor :STMicroelectronics MBEDTLS 2.14.1
2023-11-14 15:15:49,410 [INFO] ThirdParty:967 - CMSIS Pack Vendor :STMicroelectronics X-CUBE-TOUCHGFX 4.22.1
2023-11-14 15:15:49,410 [INFO] ThirdParty:967 - CMSIS Pack Vendor :STMicroelectronics X-CUBE-AZRTOS-F7 1.1.0
2023-11-14 15:15:49,410 [INFO] ThirdParty:967 - CMSIS Pack Vendor :STMicroelectronics X-CUBE-AZRTOS-L5 2.0.0
2023-11-14 15:15:49,411 [INFO] ThirdParty:967 - CMSIS Pack Vendor :STMicroelectronics X-CUBE-NFC6 3.0.0
2023-11-14 15:15:49,411 [INFO] ThirdParty:967 - CMSIS Pack Vendor :portGmbH I-Cube-SoM-uGOAL 1.1.0
2023-11-14 15:15:49,411 [INFO] ThirdParty:967 - CMSIS Pack Vendor :STMicroelectronics X-CUBE-ALS 1.0.1
2023-11-14 15:15:49,411 [INFO] ThirdParty:967 - CMSIS Pack Vendor :STMicroelectronics USB_DEVICE 2.0.0
2023-11-14 15:15:49,411 [INFO] ThirdParty:967 - CMSIS Pack Vendor :STMicroelectronics X-CUBE-EEPRMA1 4.2.0
2023-11-14 15:15:49,411 [INFO] ThirdParty:967 - CMSIS Pack Vendor :STMicroelectronics X-CUBE-AZRTOS-WL 2.0.0
2023-11-14 15:15:49,411 [INFO] ThirdParty:967 - CMSIS Pack Vendor :STMicroelectronics X-CUBE-ALGOBUILD 1.3.0
2023-11-14 15:15:49,411 [INFO] ThirdParty:967 - CMSIS Pack Vendor :STMicroelectronics FreeRTOS 0.0.1
2023-11-14 15:15:49,411 [INFO] ThirdParty:967 - CMSIS Pack Vendor :STMicroelectronics X-CUBE-AZRTOS-G0 1.1.0
2023-11-14 15:15:49,411 [INFO] ThirdParty:967 - CMSIS Pack Vendor :STMicroelectronics USB_DEVICE 1.0.0
2023-11-14 15:15:49,411 [INFO] ThirdParty:967 - CMSIS Pack Vendor :STMicroelectronics X-CUBE-AI 8.1.0
2023-11-14 15:15:49,411 [INFO] ThirdParty:967 - CMSIS Pack Vendor :STMicroelectronics X-CUBE-NFC4 3.0.0
2023-11-14 15:15:49,411 [INFO] ThirdParty:967 - CMSIS Pack Vendor :STMicroelectronics X-CUBE-SUBG2 5.0.0
2023-11-14 15:15:49,411 [INFO] ThirdParty:967 - CMSIS Pack Vendor :STMicroelectronics X-CUBE-AZRTOS-L4 2.0.0
2023-11-14 15:15:49,412 [INFO] ThirdParty:967 - CMSIS Pack Vendor :STMicroelectronics ThreadX 0.0.2
2023-11-14 15:15:49,412 [INFO] ThirdParty:967 - CMSIS Pack Vendor :WES I-CUBE-Cesium 1.3.0
2023-11-14 15:15:49,412 [INFO] ThirdParty:967 - CMSIS Pack Vendor :STMicroelectronics FP-ATR-ASTRA1 2.0.0
2023-11-14 15:15:49,412 [INFO] ThirdParty:967 - CMSIS Pack Vendor :STMicroelectronics lwIP 2.0.3
2023-11-14 15:15:49,412 [INFO] ThirdParty:967 - CMSIS Pack Vendor :STMicroelectronics lwIP 2.1.2
2023-11-14 15:15:49,412 [INFO] ThirdParty:967 - CMSIS Pack Vendor :STMicroelectronics X-CUBE-SFXS2LP1 4.0.0
2023-11-14 15:15:49,412 [INFO] ThirdParty:967 - CMSIS Pack Vendor :STMicroelectronics X-CUBE-BLE2 3.3.0
2023-11-14 15:15:49,412 [INFO] ThirdParty:967 - CMSIS Pack Vendor :STMicroelectronics USB_HOST 1.0.0
2023-11-14 15:15:49,412 [INFO] ThirdParty:967 - CMSIS Pack Vendor :STMicroelectronics X-CUBE-AZRTOS-G4 2.0.0
2023-11-14 15:15:49,412 [INFO] ThirdParty:967 - CMSIS Pack Vendor :STMicroelectronics PDM2PCM 3.1.0
2023-11-14 15:15:49,412 [INFO] ThirdParty:967 - CMSIS Pack Vendor :STMicroelectronics X-CUBE-AZRTOS-H7 3.1.0
2023-11-14 15:15:49,412 [INFO] ThirdParty:967 - CMSIS Pack Vendor :STMicroelectronics PDM2PCM 3.2.0
2023-11-14 15:15:49,412 [INFO] ThirdParty:967 - CMSIS Pack Vendor :STMicroelectronics PDM2PCM 3.3.0
2023-11-14 15:15:49,413 [INFO] ThirdParty:787 - exiting critical section [change project]
2023-11-14 15:15:50,131 [INFO] PinOutPanel:1463 - setPackage(No Configuration,No Configuration)
2023-11-14 15:15:50,134 [INFO] PinOutPanel:1463 - setPackage(STM32F407ZGTx,LQFP144)
2023-11-14 15:15:50,997 [INFO] UtilMem:74 - Before build in PCC Used Memory: 668920480 Bytes (792723456)
2023-11-14 15:15:51,673 [INFO] UtilMem:74 - After build in PCC Used Memory: 679547440 Bytes (792723456)
2023-11-14 15:15:51,718 [INFO] IPUIPlugin:74 - create IPUIPlugin
2023-11-14 15:15:51,718 [INFO] IPUIPlugin:74 - create IPUIPlugin
2023-11-14 15:15:51,718 [INFO] IPUIPlugin:74 - create IPUIPlugin
2023-11-14 15:15:51,718 [INFO] IPUIPlugin:74 - create IPUIPlugin
2023-11-14 15:15:51,719 [INFO] IPUIPlugin:74 - create IPUIPlugin
2023-11-14 15:15:51,719 [INFO] IPUIPlugin:74 - create IPUIPlugin
2023-11-14 15:15:51,720 [INFO] IPUIPlugin:74 - create IPUIPlugin
2023-11-14 15:15:51,720 [INFO] IPUIPlugin:74 - create IPUIPlugin
2023-11-14 15:15:51,720 [INFO] IPUIPlugin:74 - create IPUIPlugin
2023-11-14 15:15:51,721 [INFO] IPUIPlugin:74 - create IPUIPlugin
2023-11-14 15:15:51,721 [INFO] IPUIPlugin:74 - create IPUIPlugin
2023-11-14 15:15:51,721 [INFO] IPUIPlugin:74 - create IPUIPlugin
2023-11-14 15:15:51,722 [INFO] IPUIPlugin:74 - create IPUIPlugin
2023-11-14 15:15:51,722 [INFO] IPUIPlugin:74 - create IPUIPlugin
2023-11-14 15:15:51,722 [INFO] IPUIPlugin:74 - create IPUIPlugin
2023-11-14 15:15:51,723 [INFO] IPUIPlugin:74 - create IPUIPlugin
2023-11-14 15:15:51,723 [INFO] IPUIPlugin:74 - create IPUIPlugin
2023-11-14 15:15:51,723 [INFO] IPUIPlugin:74 - create IPUIPlugin
2023-11-14 15:15:51,724 [INFO] IPUIPlugin:74 - create IPUIPlugin
2023-11-14 15:15:51,724 [INFO] IPUIPlugin:74 - create IPUIPlugin
2023-11-14 15:15:51,726 [INFO] IPUIPlugin:74 - create IPUIPlugin
2023-11-14 15:15:51,726 [INFO] IPUIPlugin:74 - create IPUIPlugin
2023-11-14 15:15:51,727 [INFO] IPUIPlugin:74 - create IPUIPlugin
2023-11-14 15:15:51,727 [INFO] IPUIPlugin:74 - create IPUIPlugin
2023-11-14 15:15:51,728 [INFO] IPUIPlugin:74 - create IPUIPlugin
2023-11-14 15:15:51,729 [INFO] IPUIPlugin:74 - create IPUIPlugin
2023-11-14 15:15:51,738 [INFO] IPUIPlugin:74 - create IPUIPlugin
2023-11-14 15:15:51,739 [INFO] IPUIPlugin:74 - create IPUIPlugin
2023-11-14 15:15:51,739 [INFO] IPUIPlugin:74 - create IPUIPlugin
2023-11-14 15:15:51,740 [INFO] IPUIPlugin:74 - create IPUIPlugin
2023-11-14 15:15:51,740 [INFO] IPUIPlugin:74 - create IPUIPlugin
2023-11-14 15:15:51,741 [INFO] IPUIPlugin:74 - create IPUIPlugin
2023-11-14 15:15:51,741 [INFO] IPUIPlugin:74 - create IPUIPlugin
2023-11-14 15:15:51,742 [INFO] IPUIPlugin:74 - create IPUIPlugin
2023-11-14 15:15:51,742 [INFO] IPUIPlugin:74 - create IPUIPlugin
2023-11-14 15:15:51,743 [INFO] IPUIPlugin:74 - create IPUIPlugin
2023-11-14 15:15:51,743 [INFO] IPUIPlugin:74 - create IPUIPlugin
2023-11-14 15:15:51,744 [INFO] IPUIPlugin:74 - create IPUIPlugin
2023-11-14 15:15:51,744 [INFO] IPUIPlugin:74 - create IPUIPlugin
2023-11-14 15:15:51,744 [INFO] IPUIPlugin:74 - create IPUIPlugin
2023-11-14 15:15:51,746 [INFO] IPUIPlugin:74 - create IPUIPlugin
2023-11-14 15:15:51,746 [INFO] IPUIPlugin:74 - create IPUIPlugin
2023-11-14 15:15:51,747 [INFO] IPUIPlugin:74 - create IPUIPlugin
2023-11-14 15:15:51,748 [INFO] IPUIPlugin:74 - create IPUIPlugin
2023-11-14 15:15:51,749 [INFO] IPUIPlugin:74 - create IPUIPlugin
2023-11-14 15:15:51,749 [INFO] IPUIPlugin:74 - create IPUIPlugin
2023-11-14 15:15:51,750 [INFO] IPUIPlugin:74 - create IPUIPlugin
2023-11-14 15:15:51,751 [INFO] IPUIPlugin:74 - create IPUIPlugin
2023-11-14 15:15:51,752 [INFO] IPUIPlugin:74 - create IPUIPlugin
2023-11-14 15:15:51,753 [INFO] IPUIPlugin:74 - create IPUIPlugin
2023-11-14 15:15:51,754 [INFO] IPUIPlugin:74 - create IPUIPlugin
2023-11-14 15:15:51,754 [INFO] IPUIPlugin:74 - create IPUIPlugin
2023-11-14 15:15:51,756 [INFO] IPUIPlugin:74 - create IPUIPlugin
2023-11-14 15:15:51,757 [INFO] IPUIPlugin:74 - create IPUIPlugin
2023-11-14 15:15:51,758 [INFO] IPUIPlugin:74 - create IPUIPlugin
2023-11-14 15:15:51,759 [INFO] IPUIPlugin:74 - create IPUIPlugin
2023-11-14 15:15:51,760 [INFO] IPUIPlugin:74 - create IPUIPlugin
2023-11-14 15:15:51,762 [INFO] IPUIPlugin:74 - create IPUIPlugin
2023-11-14 15:15:51,830 [INFO] ApiDbMcu:468 - Load IP Config File for PDM2PCM
2023-11-14 15:15:51,955 [INFO] OpenFileManager:333 - Restore cursor
2023-11-14 15:15:52,494 [INFO] UtilMem:74 - End SaveConfig() Used Memory: 707703824 Bytes (792723456)
2023-11-14 15:15:53,519 [INFO] ServerAccessManage:362 - Download File stm32cube_fw_f4_v1260.zip
2023-11-14 15:16:49,398 [ERROR] FileExtend:450 - File entry not found
2023-11-14 15:16:49,398 [INFO] FileExtend:235 - Unzip File : stm32cube_fw_f4_v1260.zip
2023-11-14 15:16:49,398 [INFO] FileExtend:250 - Standard Zip Deflate
2023-11-14 15:19:09,600 [INFO] ServerAccessManage:362 - Download File stm32cube_fw_f4_v1262.zip
2023-11-14 15:19:29,716 [INFO] FileExtend:235 - Unzip File : stm32cube_fw_f4_v1262.zip
2023-11-14 15:19:29,716 [INFO] FileExtend:250 - Standard Zip Deflate
2023-11-14 15:21:28,799 [INFO] LoadServerPackagesThread:180 - End of LoadServerPackages Thread
2023-11-14 15:21:29,072 [INFO] UtilMem:74 - End SaveConfig() Used Memory: 784807256 Bytes (1073741824)
2023-11-14 15:21:29,889 [INFO] BlockDiagram:2740 - set Specific Code input for plugin: SYS
2023-11-14 15:21:29,889 [INFO] BlockDiagram:2740 - set Specific Code input for plugin: RCC
2023-11-14 15:21:29,890 [INFO] BlockDiagram:2740 - set Specific Code input for plugin: NVIC
2023-11-14 15:21:29,892 [INFO] CodeGenerator:663 - code generatio: config db path: C:\ST\STM32CubeIDE_1.7.0\STM32CubeIDE\plugins\com.st.stm32cube.common.mx_6.3.0.202107141111\\db\
2023-11-14 15:21:31,155 [INFO] CodeEngine:239 - oldGeneratedFile, D:\University\Embeded Sys\Bai3\MXTmpFiles\license.tmp_save
2023-11-14 15:21:31,664 [INFO] CheckServerUpdateThread:112 - End of CheckServer Thread
2023-11-14 15:21:31,940 [INFO] CodeEngine:257 - Generated code: D:\University\Embeded Sys\Bai3\MXTmpFiles\license.tmp
2023-11-14 15:21:32,059 [INFO] CodeEngine:239 - oldGeneratedFile, D:\University\Embeded Sys\Bai3\Core\Src\stm32f4xx_it.c_save
2023-11-14 15:21:32,280 [INFO] CodeEngine:257 - Generated code: D:\University\Embeded Sys\Bai3\Core\Src\stm32f4xx_it.c
2023-11-14 15:21:32,284 [INFO] CodeEngine:239 - oldGeneratedFile, D:\University\Embeded Sys\Bai3\Core\Inc\stm32f4xx_it.h_save
2023-11-14 15:21:32,398 [INFO] CodeEngine:257 - Generated code: D:\University\Embeded Sys\Bai3\Core\Inc\stm32f4xx_it.h
2023-11-14 15:21:32,410 [INFO] CodeEngine:239 - oldGeneratedFile, D:\University\Embeded Sys\Bai3\Core\Src\stm32f4xx_hal_msp.c_save
2023-11-14 15:21:32,567 [INFO] CodeEngine:257 - Generated code: D:\University\Embeded Sys\Bai3\Core\Src\stm32f4xx_hal_msp.c
2023-11-14 15:21:32,571 [INFO] CodeEngine:239 - oldGeneratedFile, D:\University\Embeded Sys\Bai3\MXTmpFiles\system.tmp_save
2023-11-14 15:21:32,646 [INFO] CodeEngine:257 - Generated code: D:\University\Embeded Sys\Bai3\MXTmpFiles\system.tmp
2023-11-14 15:21:32,653 [INFO] CodeEngine:239 - oldGeneratedFile, D:\University\Embeded Sys\Bai3\Core\Inc\stm32f4xx_hal_conf.h_save
2023-11-14 15:21:32,766 [INFO] CodeEngine:257 - Generated code: D:\University\Embeded Sys\Bai3\Core\Inc\stm32f4xx_hal_conf.h
2023-11-14 15:21:32,842 [INFO] CodeEngine:239 - oldGeneratedFile, D:\University\Embeded Sys\Bai3\Core\Inc\main.h_save
2023-11-14 15:21:32,951 [INFO] CodeEngine:257 - Generated code: D:\University\Embeded Sys\Bai3\Core\Inc\main.h
2023-11-14 15:21:32,954 [INFO] CodeEngine:239 - oldGeneratedFile, D:\University\Embeded Sys\Bai3\Core\Src\main.c_save
2023-11-14 15:21:33,096 [INFO] CodeEngine:257 - Generated code: D:\University\Embeded Sys\Bai3\Core\Src\main.c
2023-11-14 15:21:34,446 [INFO] ProjectBuilder:2578 - Time for Copy HAL[1] : 74mS.
2023-11-14 15:21:34,454 [INFO] ProjectBuilder:3622 - Project Generator version: 3.14.1
2023-11-14 15:21:35,159 [INFO] ConfigFileManager:1271 - The Die is : DIE413
2023-11-14 15:21:35,187 [INFO] ApiDbMcu:468 - Load IP Config File for FATFS
2023-11-14 15:21:35,254 [INFO] ApiDbMcu:468 - Load IP Config File for FREERTOS
2023-11-14 15:21:35,266 [INFO] ApiDbMcu:468 - Load IP Config File for LIBJPEG
2023-11-14 15:21:35,419 [INFO] ApiDbMcu:468 - Load IP Config File for LWIP
2023-11-14 15:21:35,495 [INFO] ApiDbMcu:468 - Load IP Config File for MBEDTLS
2023-11-14 15:21:35,554 [INFO] ApiDbMcu:468 - Load IP Config File for USB_DEVICE
2023-11-14 15:21:35,581 [INFO] ApiDbMcu:468 - Load IP Config File for USB_HOST
2023-11-14 15:21:40,877 [INFO] ProjectBuilder:3789 - Time for Generating toolchain IDE Files: 6423mS.
2023-11-14 15:21:40,877 [INFO] ProjectBuilder:2457 - Time for Copy CMSIS : 0mS.
2023-11-14 15:21:40,880 [INFO] ProjectBuilder:2457 - Time for Copy CMSIS : 1mS.
2023-11-14 15:21:41,698 [INFO] McuFinderGlobals:52 - Set McuFinderConnectedMode to true
2023-11-14 15:21:41,700 [INFO] ApiDb:276 - Save user favorites file C:\Users\duyvt/.stm32cubeide/favorites.mcus.txt: 0 item(s)
2023-11-14 15:21:41,700 [INFO] ApiDb:280 - User favorites MCUs=[]
